[0.023s] Invoking command in '/media/psf/OneDrive-Embry-RiddleAeronauticalUniversity/School/ME407 - Capstone Prelim/Atlas_Project/Detail/ROS2_Workspaces/Atlas_workspace/src/PubAndSub/build/PubAndSub': CMAKE_PREFIX_PATH=/opt/ros/humble /usr/bin/cmake --build /media/psf/OneDrive-Embry-RiddleAeronauticalUniversity/School/ME407 - Capstone Prelim/Atlas_Project/Detail/ROS2_Workspaces/Atlas_workspace/src/PubAndSub/build/PubAndSub -- -j2 -l2
[0.039s] -- Found ament_cmake: 1.3.6 (/opt/ros/humble/share/ament_cmake/cmake)
[0.106s] -- Found rclcpp: 16.0.7 (/opt/ros/humble/share/rclcpp/cmake)
[0.136s] -- Found rosidl_generator_c: 3.1.5 (/opt/ros/humble/share/rosidl_generator_c/cmake)
[0.139s] -- Found rosidl_adapter: 3.1.5 (/opt/ros/humble/share/rosidl_adapter/cmake)
[0.145s] -- Found rosidl_generator_cpp: 3.1.5 (/opt/ros/humble/share/rosidl_generator_cpp/cmake)
[0.159s] -- Using all available rosidl_typesupport_c: rosidl_typesupport_fastrtps_c;rosidl_typesupport_introspection_c
[0.172s] -- Using all available rosidl_typesupport_cpp: rosidl_typesupport_fastrtps_cpp;rosidl_typesupport_introspection_cpp
[0.220s] -- Found rmw_implementation_cmake: 6.1.1 (/opt/ros/humble/share/rmw_implementation_cmake/cmake)
[0.227s] -- Found rmw_fastrtps_cpp: 6.2.5 (/opt/ros/humble/share/rmw_fastrtps_cpp/cmake)
[0.294s] -- Found OpenSSL: /usr/lib/aarch64-linux-gnu/libcrypto.so (found version "3.0.2")  
[0.310s] -- Found FastRTPS: /opt/ros/humble/include  
[0.339s] -- Using RMW implementation 'rmw_fastrtps_cpp' as default
[0.348s] -- Looking for pthread.h
[0.422s] -- Looking for pthread.h - found
[0.423s] -- Performing Test CMAKE_HAVE_LIBC_PTHREAD
[0.495s] -- Performing Test CMAKE_HAVE_LIBC_PTHREAD - Success
[0.496s] -- Found Threads: TRUE  
[0.589s] -- Found ament_lint_auto: 0.12.9 (/opt/ros/humble/share/ament_lint_auto/cmake)
[0.612s] WARNING: Package name "PubAndSub" does not follow the naming conventions. It should start with a lower case letter and only contain lower case letters, digits, underscores, and dashes.
[0.785s] -- Added test 'cppcheck' to perform static code analysis on C / C++ code
[0.786s] -- Configured cppcheck include dirs: 
[0.786s] -- Configured cppcheck exclude dirs and/or files: 
[0.804s] -- Added test 'flake8' to check Python code syntax and style conventions
[0.850s] -- Added test 'lint_cmake' to check CMake code style
[0.869s] -- Added test 'pep257' to check Python code against some of the docstring style conventions in PEP 257
[1.012s] -- Added test 'uncrustify' to check C / C++ code style
[1.012s] -- Configured uncrustify additional arguments: 
[1.028s] -- Added test 'xmllint' to check XML markup files
[1.031s] -- Configuring done
[1.053s] -- Generating done
[1.063s] -- Build files have been written to: /media/psf/OneDrive-Embry-RiddleAeronauticalUniversity/School/ME407 - Capstone Prelim/Atlas_Project/Detail/ROS2_Workspaces/Atlas_workspace/src/PubAndSub/build/PubAndSub
[1.090s] [ 50%] [32mBuilding CXX object CMakeFiles/pwm_publisher.dir/src/PWM_Publisher.cpp.o[0m
[1.118s] [01m[K/media/psf/OneDrive-Embry-RiddleAeronauticalUniversity/School/ME407 - Capstone Prelim/Atlas_Project/Detail/ROS2_Workspaces/Atlas_workspace/src/PubAndSub/src/PWM_Publisher.cpp:4:10:[m[K [01;31m[Kfatal error: [m[Krclcpp/rclcpp.hpp: No such file or directory
[1.118s]     4 | #include [01;31m[K<rclcpp/rclcpp.hpp>[m[K
[1.118s]       |          [01;31m[K^~~~~~~~~~~~~~~~~~~[m[K
[1.118s] compilation terminated.
[1.120s] gmake[2]: *** [CMakeFiles/pwm_publisher.dir/build.make:76: CMakeFiles/pwm_publisher.dir/src/PWM_Publisher.cpp.o] Error 1
[1.121s] gmake[1]: *** [CMakeFiles/Makefile2:137: CMakeFiles/pwm_publisher.dir/all] Error 2
[1.121s] gmake: *** [Makefile:146: all] Error 2
[1.121s] Invoked command in '/media/psf/OneDrive-Embry-RiddleAeronauticalUniversity/School/ME407 - Capstone Prelim/Atlas_Project/Detail/ROS2_Workspaces/Atlas_workspace/src/PubAndSub/build/PubAndSub' returned '2': CMAKE_PREFIX_PATH=/opt/ros/humble /usr/bin/cmake --build /media/psf/OneDrive-Embry-RiddleAeronauticalUniversity/School/ME407 - Capstone Prelim/Atlas_Project/Detail/ROS2_Workspaces/Atlas_workspace/src/PubAndSub/build/PubAndSub -- -j2 -l2
