[0.020s] Invoking command in '/media/psf/OneDrive-Embry-RiddleAeronauticalUniversity/School/ME407 - Capstone Prelim/Atlas_Project/Detail/ROS2_Workspaces/Atlas_workspace/src/PubAndSub/build/PubAndSub': CMAKE_PREFIX_PATH=/opt/ros/humble /usr/bin/cmake --build /media/psf/OneDrive-Embry-RiddleAeronauticalUniversity/School/ME407 - Capstone Prelim/Atlas_Project/Detail/ROS2_Workspaces/Atlas_workspace/src/PubAndSub/build/PubAndSub -- -j2 -l2
[0.059s] [ 50%] [32mBuilding CXX object CMakeFiles/pwm_publisher.dir/src/PWM_Publisher.cpp.o[0m
[0.085s] [01m[K/media/psf/OneDrive-Embry-RiddleAeronauticalUniversity/School/ME407 - Capstone Prelim/Atlas_Project/Detail/ROS2_Workspaces/Atlas_workspace/src/PubAndSub/src/PWM_Publisher.cpp:4:10:[m[K [01;31m[Kfatal error: [m[Krclcpp/rclcpp.hpp: No such file or directory
[0.085s]     4 | #include [01;31m[K<rclcpp/rclcpp.hpp>[m[K
[0.085s]       |          [01;31m[K^~~~~~~~~~~~~~~~~~~[m[K
[0.085s] compilation terminated.
[0.086s] gmake[2]: *** [CMakeFiles/pwm_publisher.dir/build.make:76: CMakeFiles/pwm_publisher.dir/src/PWM_Publisher.cpp.o] Error 1
[0.086s] gmake[1]: *** [CMakeFiles/Makefile2:137: CMakeFiles/pwm_publisher.dir/all] Error 2
[0.086s] gmake: *** [Makefile:146: all] Error 2
[0.088s] Invoked command in '/media/psf/OneDrive-Embry-RiddleAeronauticalUniversity/School/ME407 - Capstone Prelim/Atlas_Project/Detail/ROS2_Workspaces/Atlas_workspace/src/PubAndSub/build/PubAndSub' returned '2': CMAKE_PREFIX_PATH=/opt/ros/humble /usr/bin/cmake --build /media/psf/OneDrive-Embry-RiddleAeronauticalUniversity/School/ME407 - Capstone Prelim/Atlas_Project/Detail/ROS2_Workspaces/Atlas_workspace/src/PubAndSub/build/PubAndSub -- -j2 -l2
